<?xml version="1.0" encoding="UTF-8"?>
<testsuite name="com.ycshin.book.springboot.web.dto.HelloResponseDtoTest" tests="1" skipped="0" failures="0" errors="0" timestamp="2020-02-03T12:35:41" hostname="ycshin.local" time="0.047">
  <properties/>
  <testcase name="롬복_기능_테스트" classname="com.ycshin.book.springboot.web.dto.HelloResponseDtoTest" time="0.047"/>
  <system-out><![CDATA[]]></system-out>
  <system-err><![CDATA[]]></system-err>
</testsuite>
